已存在类App\User
新生成类App\User
已存在类App\User,App\Database_config
新生成类App\Database_config
已存在类App\Table
新生成类App\Table
已存在类App\Table,App\Database_config
新生成类App\Database_config
已存在类App\Table,App\Database_config,App\Column
新生成类App\Column
已存在类App\User
新生成类App\User
已存在类App\User,App\Database_config
新生成类App\Database_config
已存在类App\Table
新生成类App\Table
已存在类App\Table,App\Database_config
新生成类App\Database_config
已存在类App\Table,App\Database_config,App\Column
新生成类App\Column
已生成类App\Column
已存在类App\User
新生成类App\User
已存在类App\Table
新生成类App\Table
已存在类App\Table,App\Database_config
新生成类App\Database_config
已存在类App\Table,App\Database_config,App\Column
新生成类App\Column
已存在类App\User
新生成类App\User
已存在类App\User
新生成类App\User
已存在类App\User,App\Database_config
新生成类App\Database_config
已存在类App\Table
新生成类App\Table
已存在类App\Table,App\Database_config
新生成类App\Database_config
已存在类App\Table,App\Database_config,App\Column
新生成类App\Column
已存在类App\User
新生成类App\User
已存在类App\User,App\Database_config
新生成类App\Database_config
已存在类App\Table
新生成类App\Table
已存在类App\Table,App\Database_config
新生成类App\Database_config
已存在类App\Table,App\Database_config,App\Column
新生成类App\Column
已存在类App\User
新生成类App\User
已存在类App\User
新生成类App\User
已存在类App\User
新生成类App\User
已存在类App\Table
新生成类App\Table
已存在类App\Table,App\Database_config
新生成类App\Database_config
已存在类App\Table,App\Database_config,App\Column
新生成类App\Column
已存在类App\User
新生成类App\User
已存在类App\User,App\Database_config
新生成类App\Database_config
已存在类App\Table
新生成类App\Table
已存在类App\Table,App\Database_config
新生成类App\Database_config
已存在类App\Table,App\Database_config,App\Column
新生成类App\Column
已存在类App\User
新生成类App\User
已存在类App\Table
新生成类App\Table
已存在类App\Table,App\Database_config
新生成类App\Database_config
已存在类App\Table,App\Database_config,App\Column
新生成类App\Column
已存在类App\User
新生成类App\User
已存在类App\User
新生成类App\User
已存在类App\User,App\Database_config
新生成类App\Database_config
已存在类App\Table
新生成类App\Table
已存在类App\Table,App\Database_config
新生成类App\Database_config
已存在类App\Table,App\Database_config,App\Column
新生成类App\Column
已存在类App\User
新生成类App\User
已存在类App\User
新生成类App\User
已存在类App\User,App\Database_config
新生成类App\Database_config
已存在类App\Table
新生成类App\Table
已存在类App\Table,App\Database_config
新生成类App\Database_config
已存在类App\Table,App\Database_config,App\Column
新生成类App\Column
已存在类App\User
新生成类App\User
已存在类App\User
新生成类App\User
已存在类App\User,App\Database_config
新生成类App\Database_config
已存在类App\Table
新生成类App\Table
已存在类App\Table,App\Database_config
新生成类App\Database_config
已存在类App\Table,App\Database_config,App\Column
新生成类App\Column
已存在类App\User
新生成类App\User
已存在类App\Table
新生成类App\Table
已存在类App\Table,App\Database_config
新生成类App\Database_config
已存在类App\Table,App\Database_config,App\Column
新生成类App\Column
已存在类App\User
新生成类App\User
已存在类App\Table
新生成类App\Table
已存在类App\Table,App\Database_config
新生成类App\Database_config
已存在类App\Table,App\Database_config,App\Column
新生成类App\Column
已存在类App\User
新生成类App\User
已存在类App\Table
新生成类App\Table
已存在类App\Table,App\Database_config
新生成类App\Database_config
已存在类App\Table,App\Database_config,App\Column
新生成类App\Column
已存在类App\User
新生成类App\User
已存在类App\Table
新生成类App\Table
已存在类App\Table,App\Database_config
新生成类App\Database_config
已存在类App\Table,App\Database_config,App\Column
新生成类App\Column
已存在类App\User
新生成类App\User
已存在类App\Table
新生成类App\Table
已存在类App\Table,App\Database_config
新生成类App\Database_config
已存在类App\Table,App\Database_config,App\Column
新生成类App\Column
已存在类App\User
新生成类App\User
已存在类App\User
新生成类App\User
已存在类App\User,App\Database_config
新生成类App\Database_config
已存在类App\Table
新生成类App\Table
已存在类App\Table,App\Database_config
新生成类App\Database_config
已存在类App\Table,App\Database_config,App\Column
新生成类App\Column
已存在类App\User
新生成类App\User
已存在类App\Table
新生成类App\Table
已存在类App\Table,App\Database_config
新生成类App\Database_config
已存在类App\Table,App\Database_config,App\Column
新生成类App\Column
已存在类App\Column
新生成类App\Column
已存在类App\Column
新生成类App\Column
已存在类App\User
新生成类App\User
已存在类App\User
新生成类App\User
已存在类App\User,App\Database_config
新生成类App\Database_config
已存在类App\Table
新生成类App\Table
已存在类App\Table,App\Database_config
新生成类App\Database_config
已存在类App\Table,App\Database_config,App\Column
新生成类App\Column
已存在类App\User
新生成类App\User
已存在类App\Table
新生成类App\Table
已存在类App\Table,App\Database_config
新生成类App\Database_config
已存在类App\Table,App\Database_config,App\Column
新生成类App\Column
已存在类App\Http\Controllers\DataBaseController
新生成类App\Http\Controllers\DataBaseController
已存在类App\Http\Controllers\DataBaseController
新生成类App\Http\Controllers\DataBaseController
已存在类App\Http\Controllers\DataBaseController
新生成类App\Http\Controllers\DataBaseController
已存在类App\Http\Controllers\DataBaseController
新生成类App\Http\Controllers\DataBaseController
已存在类App\Http\Controllers\DataBaseController
新生成类App\Http\Controllers\DataBaseController
已存在类App\Http\Controllers\DataBaseController
新生成类App\Http\Controllers\DataBaseController
已存在类App\Http\Controllers\DataBaseController
新生成类App\Http\Controllers\DataBaseController
已存在类App\Http\Controllers\DataBaseController
新生成类App\Http\Controllers\DataBaseController
已存在类App\Http\Controllers\DataBaseController
新生成类App\Http\Controllers\DataBaseController
已存在类App\Http\Controllers\DataBaseController
新生成类App\Http\Controllers\DataBaseController
已存在类App\Http\Controllers\DataBaseController
新生成类App\Http\Controllers\DataBaseController
已存在类App\Http\Controllers\DataBaseController
新生成类App\Http\Controllers\DataBaseController
已存在类App\Http\Controllers\DataBaseController
新生成类App\Http\Controllers\DataBaseController
已存在类App\Http\Controllers\DataBaseController
新生成类App\Http\Controllers\DataBaseController
已存在类App\Http\Controllers\DataBaseController
新生成类App\Http\Controllers\DataBaseController
已存在类App\Http\Controllers\DataBaseController
新生成类App\Http\Controllers\DataBaseController
已存在类App\Http\Controllers\DataBaseController
新生成类App\Http\Controllers\DataBaseController
已存在类App\Http\Controllers\DataBaseController
新生成类App\Http\Controllers\DataBaseController
已存在类App\Http\Controllers\DataBaseController
新生成类App\Http\Controllers\DataBaseController
已存在类App\Http\Controllers\DataBaseController
新生成类App\Http\Controllers\DataBaseController
已存在类App\Http\Controllers\DataBaseController
新生成类App\Http\Controllers\DataBaseController
已存在类App\Http\Controllers\DataBaseController
新生成类App\Http\Controllers\DataBaseController
已存在类App\Http\Controllers\DataBaseController
新生成类App\Http\Controllers\DataBaseController
已存在类App\Http\Controllers\DataBaseController
新生成类App\Http\Controllers\DataBaseController
已存在类App\Http\Controllers\DataBaseController
新生成类App\Http\Controllers\DataBaseController
已存在类App\Http\Controllers\DataBaseController
新生成类App\Http\Controllers\DataBaseController
已存在类App\Http\Controllers\DataBaseController
新生成类App\Http\Controllers\DataBaseController
已存在类App\Http\Controllers\DataBaseController
新生成类App\Http\Controllers\DataBaseController
已存在类App\Http\Controllers\DataBaseController
新生成类App\Http\Controllers\DataBaseController
已存在类App\Http\Controllers\DataBaseController
新生成类App\Http\Controllers\DataBaseController
已存在类App\Http\Controllers\DataBaseController
新生成类App\Http\Controllers\DataBaseController
已存在类App\Http\Controllers\DataBaseController
新生成类App\Http\Controllers\DataBaseController
已存在类App\Http\Controllers\DataBaseController
新生成类App\Http\Controllers\DataBaseController
已存在类App\Http\Controllers\DataBaseController
新生成类App\Http\Controllers\DataBaseController
已存在类App\Http\Controllers\DataBaseController
新生成类App\Http\Controllers\DataBaseController
已存在类App\Http\Controllers\DataBaseController
新生成类App\Http\Controllers\DataBaseController
已存在类App\Http\Controllers\DataBaseController
新生成类App\Http\Controllers\DataBaseController
已存在类App\Http\Controllers\DataBaseController
新生成类App\Http\Controllers\DataBaseController
已存在类App\Http\Controllers\DataBaseController
新生成类App\Http\Controllers\DataBaseController
已存在类App\Http\Controllers\DataBaseController
新生成类App\Http\Controllers\DataBaseController
已存在类App\Http\Controllers\DataBaseController
新生成类App\Http\Controllers\DataBaseController
已存在类App\Http\Controllers\DataBaseController
新生成类App\Http\Controllers\DataBaseController
已存在类App\Http\Controllers\DataBaseController
新生成类App\Http\Controllers\DataBaseController
已存在类App\Http\Controllers\DataBaseController
新生成类App\Http\Controllers\DataBaseController
已存在类App\Http\Controllers\DataBaseController
新生成类App\Http\Controllers\DataBaseController
已存在类App\Http\Controllers\DataBaseController
新生成类App\Http\Controllers\DataBaseController
已存在类App\Http\Controllers\DataBaseController
新生成类App\Http\Controllers\DataBaseController
已存在类App\Http\Controllers\DataBaseController
新生成类App\Http\Controllers\DataBaseController
已存在类App\Http\Controllers\DataBaseController
新生成类App\Http\Controllers\DataBaseController
已存在类App\Http\Controllers\DataBaseController
新生成类App\Http\Controllers\DataBaseController
已存在类App\Http\Controllers\DataBaseController
新生成类App\Http\Controllers\DataBaseController
已存在类App\Http\Controllers\DataBaseController
新生成类App\Http\Controllers\DataBaseController
已存在类App\Http\Controllers\DataBaseController
新生成类App\Http\Controllers\DataBaseController
已存在类App\Http\Controllers\DataBaseController
新生成类App\Http\Controllers\DataBaseController
已存在类App\Http\Controllers\DataBaseController
新生成类App\Http\Controllers\DataBaseController
已存在类App\Http\Controllers\DataBaseController
新生成类App\Http\Controllers\DataBaseController
已存在类App\Http\Controllers\DataBaseController
新生成类App\Http\Controllers\DataBaseController
已存在类App\Http\Controllers\DataBaseController
新生成类App\Http\Controllers\DataBaseController
已存在类App\Http\Controllers\DataBaseController
新生成类App\Http\Controllers\DataBaseController
已存在类App\Http\Controllers\DataBaseController
新生成类App\Http\Controllers\DataBaseController
已存在类App\Http\Controllers\DataBaseController
新生成类App\Http\Controllers\DataBaseController
已存在类App\Http\Controllers\DataBaseController
新生成类App\Http\Controllers\DataBaseController
已存在类App\Http\Controllers\DataBaseController
新生成类App\Http\Controllers\DataBaseController
已存在类App\Http\Controllers\DataBaseController
新生成类App\Http\Controllers\DataBaseController
已存在类App\Http\Controllers\DataBaseController
新生成类App\Http\Controllers\DataBaseController
已存在类App\Http\Controllers\DataBaseController
新生成类App\Http\Controllers\DataBaseController
已存在类App\Http\Controllers\DataBaseController
新生成类App\Http\Controllers\DataBaseController
已存在类App\Http\Controllers\DataBaseController
新生成类App\Http\Controllers\DataBaseController
已存在类App\Http\Controllers\DataBaseController
新生成类App\Http\Controllers\DataBaseController
已存在类App\Http\Controllers\DataBaseController
新生成类App\Http\Controllers\DataBaseController
已存在类App\Http\Controllers\DataBaseController
新生成类App\Http\Controllers\DataBaseController
已存在类App\Http\Controllers\DataBaseController
新生成类App\Http\Controllers\DataBaseController
已存在类App\Http\Controllers\DataBaseController
新生成类App\Http\Controllers\DataBaseController
已存在类App\Http\Controllers\DataBaseController
新生成类App\Http\Controllers\DataBaseController
已存在类App\Http\Controllers\DataBaseController
新生成类App\Http\Controllers\DataBaseController
已存在类App\Http\Controllers\DataBaseController
新生成类App\Http\Controllers\DataBaseController
已存在类App\Http\Controllers\DataBaseController
新生成类App\Http\Controllers\DataBaseController
已存在类App\Http\Controllers\DataBaseController
新生成类App\Http\Controllers\DataBaseController
已存在类App\Http\Controllers\DataBaseController
新生成类App\Http\Controllers\DataBaseController
已存在类App\Http\Controllers\DataBaseController
新生成类App\Http\Controllers\DataBaseController
已存在类App\Http\Controllers\DataBaseController
新生成类App\Http\Controllers\DataBaseController
已存在类App\Http\Controllers\DataBaseController
新生成类App\Http\Controllers\DataBaseController
已存在类App\Http\Controllers\DataBaseController
新生成类App\Http\Controllers\DataBaseController
已存在类App\Http\Controllers\DataBaseController
新生成类App\Http\Controllers\DataBaseController
已存在类App\Http\Controllers\DataBaseController
新生成类App\Http\Controllers\DataBaseController
已存在类App\Http\Controllers\DataBaseController
新生成类App\Http\Controllers\DataBaseController
已存在类App\Http\Controllers\DataBaseController
新生成类App\Http\Controllers\DataBaseController
已存在类App\Http\Controllers\DataBaseController
新生成类App\Http\Controllers\DataBaseController
已存在类App\Http\Controllers\DataBaseController
新生成类App\Http\Controllers\DataBaseController
已存在类App\Http\Controllers\DataBaseController
新生成类App\Http\Controllers\DataBaseController
已存在类App\Http\Controllers\DataBaseController
新生成类App\Http\Controllers\DataBaseController
已存在类App\Http\Controllers\DataBaseController
新生成类App\Http\Controllers\DataBaseController
已存在类App\Http\Controllers\DataBaseController
新生成类App\Http\Controllers\DataBaseController
已存在类App\Http\Controllers\DataBaseController
新生成类App\Http\Controllers\DataBaseController
已存在类App\Http\Controllers\DataBaseController
新生成类App\Http\Controllers\DataBaseController
已存在类App\Http\Controllers\DataBaseController
新生成类App\Http\Controllers\DataBaseController
已存在类App\Http\Controllers\DataBaseController
新生成类App\Http\Controllers\DataBaseController
已存在类App\User
新生成类App\User
已存在类App\User
新生成类App\User
已存在类App\User,App\Database_config
新生成类App\Database_config
已存在类App\Table
新生成类App\Table
已存在类App\Table,App\Database_config
新生成类App\Database_config
已存在类App\Table,App\Database_config,App\Column
新生成类App\Column
已存在类App\Database_config
新生成类App\Database_config
已存在类App\Database_config,App\Http\Controllers\DataBaseController
新生成类App\Http\Controllers\DataBaseController
已存在类App\Database_config,App\Http\Controllers\DataBaseController,App\Table
新生成类App\Table
已存在类App\Database_config,App\Http\Controllers\DataBaseController,App\Table,App\Column
新生成类App\Column
已存在类App\User
新生成类App\User
已存在类App\User
新生成类App\User
已存在类App\User,App\Database_config
新生成类App\Database_config
已存在类App\Table
新生成类App\Table
已存在类App\Table,App\Database_config
新生成类App\Database_config
已存在类App\Table,App\Database_config,App\Column
新生成类App\Column
已存在类App\User
新生成类App\User
已存在类App\User,App\Database_config
新生成类App\Database_config
已存在类App\Table
新生成类App\Table
已存在类App\Table,App\Database_config
新生成类App\Database_config
已存在类App\Table,App\Database_config,App\Column
新生成类App\Column
已存在类App\Http\Controllers\DataBaseController
新生成类App\Http\Controllers\DataBaseController
已存在类App\Http\Controllers\DataBaseController
新生成类App\Http\Controllers\DataBaseController
已存在类App\Http\Controllers\DataBaseController
新生成类App\Http\Controllers\DataBaseController
已存在类App\Http\Controllers\DataBaseController
新生成类App\Http\Controllers\DataBaseController
已存在类App\Http\Controllers\DataBaseController
新生成类App\Http\Controllers\DataBaseController
已存在类App\Http\Controllers\DataBaseController
新生成类App\Http\Controllers\DataBaseController
已存在类App\Http\Controllers\DataBaseController
新生成类App\Http\Controllers\DataBaseController
已存在类App\Http\Controllers\DataBaseController
新生成类App\Http\Controllers\DataBaseController
已存在类App\Http\Controllers\DataBaseController
新生成类App\Http\Controllers\DataBaseController
已存在类App\Http\Controllers\DataBaseController
新生成类App\Http\Controllers\DataBaseController
